2019-04-03 00:00:14.5541 [DEBUG] Scene Fusion version 1.8.2-0
2019-04-03 00:00:39.0024 [DEBUG] Play mode: False
2019-04-03 00:01:16.6775 [DEBUG] Scene Fusion version 1.8.2-0
2019-04-03 00:01:16.7971 [DEBUG] Play mode: True, sync in play mode: False
2019-04-03 00:01:46.8676 [DEBUG] Scene Fusion version 1.8.2-0
2019-04-03 00:04:32.7737 [DEBUG] Play mode: False
2019-04-03 00:05:25.4178 [DEBUG] Scene Fusion version 1.8.2-0
2019-04-03 00:05:25.6608 [DEBUG] Play mode: True, sync in play mode: False
2019-04-03 00:05:36.7156 [DEBUG] Play mode: False
2019-04-03 00:06:21.2951 [DEBUG] Scene Fusion version 1.8.2-0
2019-04-03 00:06:21.5362 [DEBUG] Play mode: True, sync in play mode: False
2019-04-03 00:06:31.8595 [DEBUG] Play mode: False
2019-04-03 00:06:54.0300 [DEBUG] Scene Fusion version 1.8.2-0
2019-04-03 00:06:54.2609 [DEBUG] Play mode: True, sync in play mode: False
2019-04-03 00:07:00.6323 [DEBUG] Play mode: False
2019-04-03 00:07:41.9922 [DEBUG] Scene Fusion version 1.8.2-0
2019-04-03 00:07:42.2275 [DEBUG] Play mode: True, sync in play mode: False
2019-04-03 00:07:58.0968 [DEBUG] Play mode: False
2019-04-03 00:08:35.8628 [DEBUG] Scene Fusion version 1.8.2-0
2019-04-03 00:08:36.0502 [DEBUG] Play mode: True, sync in play mode: False
2019-04-03 00:08:49.4990 [DEBUG] Play mode: False
2019-04-03 00:10:05.7186 [DEBUG] Scene Fusion version 1.8.2-0
2019-04-03 00:10:05.8777 [DEBUG] Play mode: True, sync in play mode: False
2019-04-03 00:10:39.2231 [DEBUG] Play mode: False
2019-04-03 00:14:23.7107 [DEBUG] Scene Fusion version 1.8.2-0
2019-04-03 10:37:49.0646 [DEBUG] Scene Fusion version 1.8.2-0
2019-04-03 10:38:10.8352 [DEBUG] Scene Fusion version 1.8.2-0
2019-04-03 10:38:11.1666 [DEBUG] Play mode: True, sync in play mode: False
2019-04-03 10:38:55.9083 [ERROR] ArgumentException: An element with the same key already exists in the dictionary.
System.Collections.Generic.Dictionary`2[UnityEngine.GameObject,System.Single].Add (UnityEngine.GameObject key, Single value) (at /Users/builduser/buildslave/mono/build/mcs/class/corlib/System.Collections.Generic/Dictionary.cs:404)
Water.OnTriggerEnter (UnityEngine.Collider other) (at Assets/RGD/Scripts/Water.cs:64)

2019-04-03 10:38:58.6832 [ERROR] ArgumentException: An element with the same key already exists in the dictionary.
System.Collections.Generic.Dictionary`2[UnityEngine.GameObject,System.Single].Add (UnityEngine.GameObject key, Single value) (at /Users/builduser/buildslave/mono/build/mcs/class/corlib/System.Collections.Generic/Dictionary.cs:404)
Water.OnTriggerEnter (UnityEngine.Collider other) (at Assets/RGD/Scripts/Water.cs:64)

2019-04-03 10:40:12.9046 [DEBUG] Play mode: False
2019-04-03 10:41:09.5664 [DEBUG] Scene Fusion version 1.8.2-0
2019-04-03 10:41:09.7655 [DEBUG] Play mode: True, sync in play mode: False
2019-04-03 10:41:19.3153 [DEBUG] Play mode: False
2019-04-03 10:41:39.4402 [DEBUG] Scene Fusion version 1.8.2-0
2019-04-03 10:41:39.6725 [DEBUG] Play mode: True, sync in play mode: False
2019-04-03 10:42:13.6884 [ERROR] ArgumentException: An element with the same key already exists in the dictionary.
System.Collections.Generic.Dictionary`2[UnityEngine.GameObject,System.Single].Add (UnityEngine.GameObject key, Single value) (at /Users/builduser/buildslave/mono/build/mcs/class/corlib/System.Collections.Generic/Dictionary.cs:404)
Water.OnTriggerEnter (UnityEngine.Collider other) (at Assets/RGD/Scripts/Water.cs:64)

2019-04-03 10:42:15.6795 [ERROR] ArgumentException: An element with the same key already exists in the dictionary.
System.Collections.Generic.Dictionary`2[UnityEngine.GameObject,System.Single].Add (UnityEngine.GameObject key, Single value) (at /Users/builduser/buildslave/mono/build/mcs/class/corlib/System.Collections.Generic/Dictionary.cs:404)
Water.OnTriggerEnter (UnityEngine.Collider other) (at Assets/RGD/Scripts/Water.cs:64)

2019-04-03 10:42:17.8099 [ERROR] ArgumentException: An element with the same key already exists in the dictionary.
System.Collections.Generic.Dictionary`2[UnityEngine.GameObject,System.Single].Add (UnityEngine.GameObject key, Single value) (at /Users/builduser/buildslave/mono/build/mcs/class/corlib/System.Collections.Generic/Dictionary.cs:404)
Water.OnTriggerEnter (UnityEngine.Collider other) (at Assets/RGD/Scripts/Water.cs:64)

2019-04-03 10:42:19.6938 [ERROR] ArgumentException: An element with the same key already exists in the dictionary.
System.Collections.Generic.Dictionary`2[UnityEngine.GameObject,System.Single].Add (UnityEngine.GameObject key, Single value) (at /Users/builduser/buildslave/mono/build/mcs/class/corlib/System.Collections.Generic/Dictionary.cs:404)
Water.OnTriggerEnter (UnityEngine.Collider other) (at Assets/RGD/Scripts/Water.cs:64)

2019-04-03 10:44:06.8418 [DEBUG] Play mode: False
2019-04-03 10:45:32.4021 [DEBUG] Scene Fusion version 1.8.2-0
2019-04-03 10:45:32.6587 [DEBUG] Play mode: True, sync in play mode: False
2019-04-03 10:46:25.4372 [DEBUG] Play mode: False
2019-04-03 10:48:06.7341 [DEBUG] Scene Fusion version 1.8.2-0
2019-04-03 10:48:07.0289 [DEBUG] Play mode: True, sync in play mode: False
2019-04-03 10:49:15.1024 [ERROR] ArgumentException: An element with the same key already exists in the dictionary.
System.Collections.Generic.Dictionary`2[UnityEngine.GameObject,System.Single].Add (UnityEngine.GameObject key, Single value) (at /Users/builduser/buildslave/mono/build/mcs/class/corlib/System.Collections.Generic/Dictionary.cs:404)
Water.OnTriggerEnter (UnityEngine.Collider other) (at Assets/RGD/Scripts/Water.cs:64)

2019-04-03 10:55:19.7311 [DEBUG] Play mode: False
2019-04-03 11:03:58.9762 [DEBUG] Scene Fusion version 1.8.2-0
2019-04-03 11:03:59.1538 [DEBUG] Play mode: True, sync in play mode: False
2019-04-03 11:04:13.1560 [DEBUG] Play mode: False
2019-04-03 11:08:00.6420 [DEBUG] Scene Fusion version 1.8.2-0
2019-04-03 11:08:00.7733 [DEBUG] Play mode: True, sync in play mode: False
2019-04-03 11:08:16.7571 [DEBUG] Play mode: False
2019-04-03 11:08:37.0786 [DEBUG] Scene Fusion version 1.8.2-0
2019-04-03 11:08:37.3489 [DEBUG] Play mode: True, sync in play mode: False
2019-04-03 11:08:49.3883 [DEBUG] Play mode: False
2019-04-03 11:09:06.9097 [DEBUG] Scene Fusion version 1.8.2-0
2019-04-03 11:09:07.1503 [DEBUG] Play mode: True, sync in play mode: False
2019-04-03 11:09:16.8609 [DEBUG] Play mode: False
2019-04-03 11:10:01.5864 [DEBUG] Scene Fusion version 1.8.2-0
2019-04-03 11:10:01.8645 [DEBUG] Play mode: True, sync in play mode: False
2019-04-03 11:10:27.8794 [DEBUG] Play mode: False
2019-04-03 11:23:53.6240 [DEBUG] Scene Fusion version 1.8.2-0
2019-04-03 11:24:24.9943 [DEBUG] Scene Fusion version 1.8.2-0
2019-04-03 11:24:25.2428 [DEBUG] Play mode: True, sync in play mode: False
2019-04-03 11:28:59.3446 [ERROR] ArgumentException: An element with the same key already exists in the dictionary.
System.Collections.Generic.Dictionary`2[UnityEngine.GameObject,System.Single].Add (UnityEngine.GameObject key, Single value) (at /Users/builduser/buildslave/mono/build/mcs/class/corlib/System.Collections.Generic/Dictionary.cs:404)
Water.OnTriggerEnter (UnityEngine.Collider other) (at Assets/RGD/Scripts/Water.cs:64)

2019-04-03 11:33:42.3451 [DEBUG] Play mode: False
2019-04-03 11:51:15.0094 [DEBUG] Scene Fusion version 1.8.2-0
2019-04-03 17:52:33.1926 [DEBUG] Scene Fusion version 1.8.2-0
2019-04-03 18:47:35.0567 [DEBUG] Scene Fusion version 1.8.2-0
2019-04-03 18:47:35.1617 [DEBUG] Play mode: True, sync in play mode: False
2019-04-03 18:48:40.8088 [DEBUG] Play mode: False
2019-04-03 18:49:37.7598 [DEBUG] Scene Fusion version 1.8.2-0
2019-04-03 18:49:37.8521 [DEBUG] Play mode: True, sync in play mode: False
2019-04-03 18:50:23.1118 [DEBUG] Play mode: False
2019-04-03 18:50:28.3747 [DEBUG] Scene Fusion version 1.8.2-0
2019-04-03 18:50:28.4718 [DEBUG] Play mode: True, sync in play mode: False
2019-04-03 18:53:07.7845 [DEBUG] Play mode: False
2019-04-03 18:53:12.9432 [DEBUG] Scene Fusion version 1.8.2-0
2019-04-03 18:53:13.0540 [DEBUG] Play mode: True, sync in play mode: False
2019-04-03 18:54:47.1659 [ERROR] NullReferenceException: Object reference not set to an instance of an object
PlayerMove.FixedUpdate () (at Assets/RGD/Scripts/PlayerMove.cs:141)

2019-04-03 18:54:47.1679 [ERROR] NullReferenceException: Object reference not set to an instance of an object
PlayerMove.FixedUpdate () (at Assets/RGD/Scripts/PlayerMove.cs:141)

2019-04-03 18:54:48.2182 [ERROR] NullReferenceException: Object reference not set to an instance of an object
PlayerMove.FixedUpdate () (at Assets/RGD/Scripts/PlayerMove.cs:143)

2019-04-03 18:54:48.6155 [ERROR] NullReferenceException: Object reference not set to an instance of an object
PlayerMove.FixedUpdate () (at Assets/RGD/Scripts/PlayerMove.cs:141)

2019-04-03 18:54:49.8839 [ERROR] NullReferenceException: Object reference not set to an instance of an object
PlayerMove.FixedUpdate () (at Assets/RGD/Scripts/PlayerMove.cs:143)

2019-04-03 18:54:50.5466 [ERROR] NullReferenceException: Object reference not set to an instance of an object
PlayerMove.FixedUpdate () (at Assets/RGD/Scripts/PlayerMove.cs:141)

2019-04-03 18:54:50.5486 [ERROR] NullReferenceException: Object reference not set to an instance of an object
PlayerMove.FixedUpdate () (at Assets/RGD/Scripts/PlayerMove.cs:141)

2019-04-03 18:54:51.2256 [ERROR] NullReferenceException: Object reference not set to an instance of an object
PlayerMove.FixedUpdate () (at Assets/RGD/Scripts/PlayerMove.cs:143)

2019-04-03 18:54:51.2275 [ERROR] NullReferenceException: Object reference not set to an instance of an object
PlayerMove.FixedUpdate () (at Assets/RGD/Scripts/PlayerMove.cs:143)

2019-04-03 18:59:25.9787 [DEBUG] Play mode: False
2019-04-03 19:04:54.3175 [DEBUG] Scene Fusion version 1.8.2-0
2019-04-03 19:05:19.0292 [DEBUG] Scene Fusion version 1.8.2-0
2019-04-03 19:05:19.1864 [DEBUG] Play mode: True, sync in play mode: False
2019-04-03 19:06:25.3696 [DEBUG] Play mode: False
2019-04-03 19:08:06.0215 [DEBUG] Scene Fusion version 1.8.2-0
2019-04-03 19:08:23.1422 [DEBUG] Scene Fusion version 1.8.2-0
2019-04-03 19:08:23.2618 [DEBUG] Play mode: True, sync in play mode: False
2019-04-03 19:08:23.2867 [ERROR] NullReferenceException: Object reference not set to an instance of an object
PlayerMove.FixedUpdate () (at Assets/RGD/Scripts/PlayerMove.cs:147)

2019-04-03 19:08:23.2877 [ERROR] NullReferenceException: Object reference not set to an instance of an object
PlayerMove.FixedUpdate () (at Assets/RGD/Scripts/PlayerMove.cs:147)

2019-04-03 19:08:23.2887 [ERROR] NullReferenceException: Object reference not set to an instance of an object
PlayerMove.FixedUpdate () (at Assets/RGD/Scripts/PlayerMove.cs:147)

2019-04-03 19:08:23.2897 [ERROR] NullReferenceException: Object reference not set to an instance of an object
PlayerMove.FixedUpdate () (at Assets/RGD/Scripts/PlayerMove.cs:147)

2019-04-03 19:08:23.2906 [ERROR] NullReferenceException: Object reference not set to an instance of an object
PlayerMove.FixedUpdate () (at Assets/RGD/Scripts/PlayerMove.cs:147)

2019-04-03 19:08:23.2916 [ERROR] NullReferenceException: Object reference not set to an instance of an object
PlayerMove.FixedUpdate () (at Assets/RGD/Scripts/PlayerMove.cs:147)

2019-04-03 19:08:23.6344 [ERROR] NullReferenceException: Object reference not set to an instance of an object
PlayerMove.FixedUpdate () (at Assets/RGD/Scripts/PlayerMove.cs:152)

2019-04-03 19:08:23.6354 [ERROR] NullReferenceException: Object reference not set to an instance of an object
PlayerMove.FixedUpdate () (at Assets/RGD/Scripts/PlayerMove.cs:152)

2019-04-03 19:08:23.6364 [ERROR] NullReferenceException: Object reference not set to an instance of an object
PlayerMove.FixedUpdate () (at Assets/RGD/Scripts/PlayerMove.cs:152)

2019-04-03 19:08:24.3954 [ERROR] NullReferenceException: Object reference not set to an instance of an object
PlayerMove.FixedUpdate () (at Assets/RGD/Scripts/PlayerMove.cs:147)

2019-04-03 19:08:24.3964 [ERROR] NullReferenceException: Object reference not set to an instance of an object
PlayerMove.FixedUpdate () (at Assets/RGD/Scripts/PlayerMove.cs:147)

2019-04-03 19:08:25.8805 [ERROR] NullReferenceException: Object reference not set to an instance of an object
PlayerMove.FixedUpdate () (at Assets/RGD/Scripts/PlayerMove.cs:147)

2019-04-03 19:08:26.0797 [ERROR] NullReferenceException: Object reference not set to an instance of an object
PlayerMove.FixedUpdate () (at Assets/RGD/Scripts/PlayerMove.cs:147)

2019-04-03 19:08:27.0540 [ERROR] NullReferenceException: Object reference not set to an instance of an object
PlayerMove.FixedUpdate () (at Assets/RGD/Scripts/PlayerMove.cs:152)

2019-04-03 19:08:27.1160 [ERROR] NullReferenceException: Object reference not set to an instance of an object
PlayerMove.FixedUpdate () (at Assets/RGD/Scripts/PlayerMove.cs:147)

2019-04-03 19:08:27.2297 [ERROR] NullReferenceException: Object reference not set to an instance of an object
PlayerMove.FixedUpdate () (at Assets/RGD/Scripts/PlayerMove.cs:152)

2019-04-03 19:08:27.2727 [ERROR] NullReferenceException: Object reference not set to an instance of an object
PlayerMove.FixedUpdate () (at Assets/RGD/Scripts/PlayerMove.cs:147)

2019-04-03 19:08:27.3981 [ERROR] NullReferenceException: Object reference not set to an instance of an object
PlayerMove.FixedUpdate () (at Assets/RGD/Scripts/PlayerMove.cs:147)

2019-04-03 19:08:27.4884 [ERROR] NullReferenceException: Object reference not set to an instance of an object
PlayerMove.FixedUpdate () (at Assets/RGD/Scripts/PlayerMove.cs:152)

2019-04-03 19:08:27.5294 [ERROR] NullReferenceException: Object reference not set to an instance of an object
PlayerMove.FixedUpdate () (at Assets/RGD/Scripts/PlayerMove.cs:147)

2019-04-03 19:08:27.6295 [ERROR] NullReferenceException: Object reference not set to an instance of an object
PlayerMove.FixedUpdate () (at Assets/RGD/Scripts/PlayerMove.cs:147)

2019-04-03 19:08:28.0561 [ERROR] NullReferenceException: Object reference not set to an instance of an object
PlayerMove.FixedUpdate () (at Assets/RGD/Scripts/PlayerMove.cs:152)

2019-04-03 19:08:28.0785 [ERROR] NullReferenceException: Object reference not set to an instance of an object
PlayerMove.FixedUpdate () (at Assets/RGD/Scripts/PlayerMove.cs:147)

2019-04-03 19:08:28.3582 [ERROR] NullReferenceException: Object reference not set to an instance of an object
PlayerMove.FixedUpdate () (at Assets/RGD/Scripts/PlayerMove.cs:152)

2019-04-03 19:08:31.3353 [ERROR] NullReferenceException: Object reference not set to an instance of an object
PlayerMove.FixedUpdate () (at Assets/RGD/Scripts/PlayerMove.cs:147)

2019-04-03 19:08:32.2752 [ERROR] NullReferenceException: Object reference not set to an instance of an object
PlayerMove.FixedUpdate () (at Assets/RGD/Scripts/PlayerMove.cs:152)

2019-04-03 19:08:32.3030 [ERROR] NullReferenceException: Object reference not set to an instance of an object
PlayerMove.FixedUpdate () (at Assets/RGD/Scripts/PlayerMove.cs:147)

2019-04-03 19:08:32.3040 [ERROR] NullReferenceException: Object reference not set to an instance of an object
PlayerMove.FixedUpdate () (at Assets/RGD/Scripts/PlayerMove.cs:147)

2019-04-03 19:08:32.7687 [ERROR] NullReferenceException: Object reference not set to an instance of an object
PlayerMove.FixedUpdate () (at Assets/RGD/Scripts/PlayerMove.cs:147)

2019-04-03 19:08:32.7697 [ERROR] NullReferenceException: Object reference not set to an instance of an object
PlayerMove.FixedUpdate () (at Assets/RGD/Scripts/PlayerMove.cs:147)

2019-04-03 19:08:32.8175 [ERROR] NullReferenceException: Object reference not set to an instance of an object
PlayerMove.FixedUpdate () (at Assets/RGD/Scripts/PlayerMove.cs:152)

2019-04-03 19:08:32.9020 [ERROR] NullReferenceException: Object reference not set to an instance of an object
PlayerMove.FixedUpdate () (at Assets/RGD/Scripts/PlayerMove.cs:152)

2019-04-03 19:08:34.7087 [DEBUG] Play mode: False
2019-04-03 19:10:07.5016 [DEBUG] Scene Fusion version 1.8.2-0
2019-04-03 19:10:08.0999 [DEBUG] Play mode: True, sync in play mode: False
2019-04-03 19:10:14.6655 [ERROR] NullReferenceException: Object reference not set to an instance of an object
PlayerMove.FixedUpdate () (at Assets/RGD/Scripts/PlayerMove.cs:147)

2019-04-03 19:10:17.1858 [ERROR] NullReferenceException: Object reference not set to an instance of an object
PlayerMove.FixedUpdate () (at Assets/RGD/Scripts/PlayerMove.cs:147)

2019-04-03 19:10:20.1569 [ERROR] NullReferenceException: Object reference not set to an instance of an object
PlayerMove.FixedUpdate () (at Assets/RGD/Scripts/PlayerMove.cs:147)

2019-04-03 19:10:20.6234 [ERROR] NullReferenceException: Object reference not set to an instance of an object
PlayerMove.FixedUpdate () (at Assets/RGD/Scripts/PlayerMove.cs:147)

2019-04-03 19:10:20.9641 [ERROR] NullReferenceException: Object reference not set to an instance of an object
PlayerMove.FixedUpdate () (at Assets/RGD/Scripts/PlayerMove.cs:147)

2019-04-03 19:10:21.1417 [ERROR] NullReferenceException: Object reference not set to an instance of an object
PlayerMove.FixedUpdate () (at Assets/RGD/Scripts/PlayerMove.cs:147)

2019-04-03 19:10:43.3408 [DEBUG] Play mode: False
2019-04-03 19:11:54.0527 [DEBUG] Scene Fusion version 1.8.2-0
2019-04-03 19:11:54.3500 [DEBUG] Play mode: True, sync in play mode: False
2019-04-03 19:12:27.7860 [DEBUG] Play mode: False
2019-04-03 19:12:42.9200 [DEBUG] Scene Fusion version 1.8.2-0
2019-04-03 19:12:55.6028 [DEBUG] Scene Fusion version 1.8.2-0
2019-04-03 19:12:55.7582 [DEBUG] Play mode: True, sync in play mode: False
2019-04-03 19:14:10.8780 [DEBUG] Play mode: False
2019-04-03 21:47:06.8896 [DEBUG] Scene Fusion version 1.8.2-0
2019-04-03 21:47:07.3093 [DEBUG] Play mode: True, sync in play mode: False
2019-04-03 21:47:30.6421 [DEBUG] Play mode: False
2019-04-03 21:50:07.6175 [DEBUG] Scene Fusion version 1.8.2-0
2019-04-03 21:50:07.9537 [DEBUG] Play mode: True, sync in play mode: False
2019-04-03 21:50:21.1782 [DEBUG] Play mode: False
