2019-03-27 16:18:24.1199 [DEBUG] Scene Fusion version 1.8.2-0
2019-03-27 16:18:33.6267 [DEBUG] Scene Fusion version 1.8.2-0
2019-03-27 16:46:00.2085 [DEBUG] Scene Fusion version 1.8.2-0
2019-03-27 17:15:45.4046 [DEBUG] Scene Fusion version 1.8.2-0
2019-03-27 17:19:53.7016 [INFO] Launching Session: Scraps Level Slums
2019-03-27 17:19:54.5922 [DEBUG] Connecting
2019-03-27 17:19:54.6185 [DEBUG] Connecting to room (93064:SceneFusion:SceneFusion) via TCP at roommanager-ec2-35-164-71-216.kinematicsoup.com:21312
2019-03-27 17:56:18.8296 [DEBUG] Sent C:/Users/Blake/Documents/GitHub/NightLight/Project Files/Project/SideScroller Main Unity Project/KSEditorLogs/SessionLogs/session.93064-636893039947015584.log
2019-03-27 22:03:30.9833 [DEBUG] Scene Fusion version 1.8.2-0
2019-03-27 22:16:23.0337 [DEBUG] Scene Fusion version 1.8.2-0
2019-03-27 22:16:57.5086 [DEBUG] Scene Fusion version 1.8.2-0
2019-03-27 22:16:57.6187 [DEBUG] Play mode: True, sync in play mode: True
2019-03-27 22:17:13.3880 [DEBUG] Play mode: False
2019-03-27 22:42:39.6758 [DEBUG] Scene Fusion version 1.8.2-0
2019-03-27 22:42:39.7759 [DEBUG] Play mode: True, sync in play mode: True
2019-03-27 22:42:45.6202 [DEBUG] Play mode: False
2019-03-27 22:45:51.7887 [DEBUG] Scene Fusion version 1.8.2-0
2019-03-27 22:46:31.6091 [DEBUG] Scene Fusion version 1.8.2-0
2019-03-27 22:46:31.7362 [DEBUG] Play mode: True, sync in play mode: True
2019-03-27 22:46:57.9804 [ERROR] ArgumentException: An element with the same key already exists in the dictionary.
System.Collections.Generic.Dictionary`2[UnityEngine.GameObject,System.Single].Add (UnityEngine.GameObject key, Single value) (at /Users/builduser/buildslave/mono/build/mcs/class/corlib/System.Collections.Generic/Dictionary.cs:404)
Water.OnTriggerEnter (UnityEngine.Collider other) (at Assets/RGD/Scripts/Water.cs:64)

2019-03-27 22:47:21.5387 [ERROR] UnassignedReferenceException: The variable audioSource of InteractWithSwitch has not been assigned.
You probably need to assign the audioSource variable of the InteractWithSwitch script in the inspector.
UnityEngine.AudioSource.Play () (at C:/buildslave/unity/build/artifacts/generated/bindings_old/common/Audio/AudioBindings.gen.cs:764)
InteractWithSwitch.Update () (at Assets/NLS/Scripts/Interactions/InteractWithSwitch.cs:82)

2019-03-27 22:47:33.4857 [ERROR] UnassignedReferenceException: The variable audioSource of InteractWithSwitch has not been assigned.
You probably need to assign the audioSource variable of the InteractWithSwitch script in the inspector.
UnityEngine.AudioSource.Play () (at C:/buildslave/unity/build/artifacts/generated/bindings_old/common/Audio/AudioBindings.gen.cs:764)
InteractWithSwitch.Update () (at Assets/NLS/Scripts/Interactions/InteractWithSwitch.cs:82)

2019-03-27 22:48:16.4023 [ERROR] UnassignedReferenceException: The variable audioSource of InteractWithSwitch has not been assigned.
You probably need to assign the audioSource variable of the InteractWithSwitch script in the inspector.
UnityEngine.AudioSource.Play () (at C:/buildslave/unity/build/artifacts/generated/bindings_old/common/Audio/AudioBindings.gen.cs:764)
InteractWithSwitch.Update () (at Assets/NLS/Scripts/Interactions/InteractWithSwitch.cs:82)

2019-03-27 22:48:27.2904 [ERROR] UnassignedReferenceException: The variable audioSource of InteractWithSwitch has not been assigned.
You probably need to assign the audioSource variable of the InteractWithSwitch script in the inspector.
UnityEngine.AudioSource.Play () (at C:/buildslave/unity/build/artifacts/generated/bindings_old/common/Audio/AudioBindings.gen.cs:764)
InteractWithSwitch.Update () (at Assets/NLS/Scripts/Interactions/InteractWithSwitch.cs:82)

2019-03-27 22:48:44.0400 [ERROR] UnassignedReferenceException: The variable audioSource of InteractWithSwitch has not been assigned.
You probably need to assign the audioSource variable of the InteractWithSwitch script in the inspector.
UnityEngine.AudioSource.Play () (at C:/buildslave/unity/build/artifacts/generated/bindings_old/common/Audio/AudioBindings.gen.cs:764)
InteractWithSwitch.Update () (at Assets/NLS/Scripts/Interactions/InteractWithSwitch.cs:82)

2019-03-27 22:48:49.8419 [ERROR] UnassignedReferenceException: The variable audioSource of InteractWithSwitch has not been assigned.
You probably need to assign the audioSource variable of the InteractWithSwitch script in the inspector.
UnityEngine.AudioSource.Play () (at C:/buildslave/unity/build/artifacts/generated/bindings_old/common/Audio/AudioBindings.gen.cs:764)
InteractWithSwitch.Update () (at Assets/NLS/Scripts/Interactions/InteractWithSwitch.cs:82)

2019-03-27 22:48:52.8257 [ERROR] UnassignedReferenceException: The variable audioSource of InteractWithSwitch has not been assigned.
You probably need to assign the audioSource variable of the InteractWithSwitch script in the inspector.
UnityEngine.AudioSource.Play () (at C:/buildslave/unity/build/artifacts/generated/bindings_old/common/Audio/AudioBindings.gen.cs:764)
InteractWithSwitch.Update () (at Assets/NLS/Scripts/Interactions/InteractWithSwitch.cs:82)

2019-03-27 22:48:56.2823 [ERROR] UnassignedReferenceException: The variable audioSource of InteractWithSwitch has not been assigned.
You probably need to assign the audioSource variable of the InteractWithSwitch script in the inspector.
UnityEngine.AudioSource.Play () (at C:/buildslave/unity/build/artifacts/generated/bindings_old/common/Audio/AudioBindings.gen.cs:764)
InteractWithSwitch.Update () (at Assets/NLS/Scripts/Interactions/InteractWithSwitch.cs:82)

2019-03-27 22:49:00.3776 [ERROR] UnassignedReferenceException: The variable audioSource of InteractWithSwitch has not been assigned.
You probably need to assign the audioSource variable of the InteractWithSwitch script in the inspector.
UnityEngine.AudioSource.Play () (at C:/buildslave/unity/build/artifacts/generated/bindings_old/common/Audio/AudioBindings.gen.cs:764)
InteractWithSwitch.Update () (at Assets/NLS/Scripts/Interactions/InteractWithSwitch.cs:82)

2019-03-27 22:49:05.8496 [ERROR] UnassignedReferenceException: The variable audioSource of InteractWithSwitch has not been assigned.
You probably need to assign the audioSource variable of the InteractWithSwitch script in the inspector.
UnityEngine.AudioSource.Play () (at C:/buildslave/unity/build/artifacts/generated/bindings_old/common/Audio/AudioBindings.gen.cs:764)
InteractWithSwitch.Update () (at Assets/NLS/Scripts/Interactions/InteractWithSwitch.cs:82)

2019-03-27 22:52:46.3734 [DEBUG] Play mode: False
