2019-03-31 13:51:34.0372 [DEBUG] Scene Fusion version 1.8.2-0
2019-03-31 14:00:13.6538 [DEBUG] Scene Fusion version 1.8.2-0
2019-03-31 14:00:13.9626 [DEBUG] Play mode: True, sync in play mode: True
2019-03-31 14:00:39.8509 [DEBUG] Play mode: False
2019-03-31 14:02:16.6404 [DEBUG] Scene Fusion version 1.8.2-0
2019-03-31 14:02:17.2024 [DEBUG] Play mode: True, sync in play mode: True
2019-03-31 14:02:41.4980 [DEBUG] Play mode: False
2019-03-31 14:04:16.8876 [DEBUG] Scene Fusion version 1.8.2-0
2019-03-31 14:04:17.0957 [DEBUG] Play mode: True, sync in play mode: True
2019-03-31 14:05:12.9113 [ERROR] UnassignedReferenceException: The variable audioSource of InteractWithSwitch has not been assigned.
You probably need to assign the audioSource variable of the InteractWithSwitch script in the inspector.
UnityEngine.AudioSource.Play () (at C:/buildslave/unity/build/artifacts/generated/bindings_old/common/Audio/AudioBindings.gen.cs:764)
InteractWithSwitch.Update () (at Assets/NLS/Scripts/Interactions/InteractWithSwitch.cs:82)

2019-03-31 14:05:36.4838 [ERROR] UnassignedReferenceException: The variable audioSource of InteractWithSwitch has not been assigned.
You probably need to assign the audioSource variable of the InteractWithSwitch script in the inspector.
UnityEngine.AudioSource.Play () (at C:/buildslave/unity/build/artifacts/generated/bindings_old/common/Audio/AudioBindings.gen.cs:764)
InteractWithSwitch.Update () (at Assets/NLS/Scripts/Interactions/InteractWithSwitch.cs:82)

2019-03-31 14:05:51.4063 [ERROR] UnassignedReferenceException: The variable audioSource of InteractWithSwitch has not been assigned.
You probably need to assign the audioSource variable of the InteractWithSwitch script in the inspector.
UnityEngine.AudioSource.Play () (at C:/buildslave/unity/build/artifacts/generated/bindings_old/common/Audio/AudioBindings.gen.cs:764)
InteractWithSwitch.Update () (at Assets/NLS/Scripts/Interactions/InteractWithSwitch.cs:82)

2019-03-31 14:06:38.3475 [ERROR] UnassignedReferenceException: The variable audioSource of InteractWithSwitch has not been assigned.
You probably need to assign the audioSource variable of the InteractWithSwitch script in the inspector.
UnityEngine.AudioSource.Play () (at C:/buildslave/unity/build/artifacts/generated/bindings_old/common/Audio/AudioBindings.gen.cs:764)
InteractWithSwitch.Update () (at Assets/NLS/Scripts/Interactions/InteractWithSwitch.cs:82)

2019-03-31 14:06:42.9737 [ERROR] UnassignedReferenceException: The variable audioSource of InteractWithSwitch has not been assigned.
You probably need to assign the audioSource variable of the InteractWithSwitch script in the inspector.
UnityEngine.AudioSource.Play () (at C:/buildslave/unity/build/artifacts/generated/bindings_old/common/Audio/AudioBindings.gen.cs:764)
InteractWithSwitch.Update () (at Assets/NLS/Scripts/Interactions/InteractWithSwitch.cs:82)

2019-03-31 14:07:38.4374 [DEBUG] Play mode: False
2019-03-31 14:10:17.1759 [DEBUG] Scene Fusion version 1.8.2-0
2019-03-31 14:10:17.3230 [DEBUG] Play mode: True, sync in play mode: True
2019-03-31 14:10:21.6089 [DEBUG] Play mode: False
2019-03-31 14:14:05.5780 [DEBUG] Scene Fusion version 1.8.2-0
2019-03-31 14:14:05.8503 [DEBUG] Play mode: True, sync in play mode: True
2019-03-31 14:14:53.2944 [ERROR] UnassignedReferenceException: The variable audioSource of InteractWithSwitch has not been assigned.
You probably need to assign the audioSource variable of the InteractWithSwitch script in the inspector.
UnityEngine.AudioSource.Play () (at C:/buildslave/unity/build/artifacts/generated/bindings_old/common/Audio/AudioBindings.gen.cs:764)
InteractWithSwitch.Update () (at Assets/NLS/Scripts/Interactions/InteractWithSwitch.cs:82)

2019-03-31 14:15:03.6743 [ERROR] ArgumentException: An element with the same key already exists in the dictionary.
System.Collections.Generic.Dictionary`2[UnityEngine.GameObject,System.Single].Add (UnityEngine.GameObject key, Single value) (at /Users/builduser/buildslave/mono/build/mcs/class/corlib/System.Collections.Generic/Dictionary.cs:404)
Water.OnTriggerEnter (UnityEngine.Collider other) (at Assets/RGD/Scripts/Water.cs:64)

2019-03-31 14:15:33.3042 [ERROR] UnassignedReferenceException: The variable audioSource of InteractWithSwitch has not been assigned.
You probably need to assign the audioSource variable of the InteractWithSwitch script in the inspector.
UnityEngine.AudioSource.Play () (at C:/buildslave/unity/build/artifacts/generated/bindings_old/common/Audio/AudioBindings.gen.cs:764)
InteractWithSwitch.Update () (at Assets/NLS/Scripts/Interactions/InteractWithSwitch.cs:82)

2019-03-31 14:15:42.9174 [ERROR] UnassignedReferenceException: The variable audioSource of InteractWithSwitch has not been assigned.
You probably need to assign the audioSource variable of the InteractWithSwitch script in the inspector.
UnityEngine.AudioSource.Play () (at C:/buildslave/unity/build/artifacts/generated/bindings_old/common/Audio/AudioBindings.gen.cs:764)
InteractWithSwitch.Update () (at Assets/NLS/Scripts/Interactions/InteractWithSwitch.cs:82)

2019-03-31 14:16:10.5305 [ERROR] UnassignedReferenceException: The variable audioSource of InteractWithSwitch has not been assigned.
You probably need to assign the audioSource variable of the InteractWithSwitch script in the inspector.
UnityEngine.AudioSource.Play () (at C:/buildslave/unity/build/artifacts/generated/bindings_old/common/Audio/AudioBindings.gen.cs:764)
InteractWithSwitch.Update () (at Assets/NLS/Scripts/Interactions/InteractWithSwitch.cs:82)

2019-03-31 14:16:19.3335 [ERROR] UnassignedReferenceException: The variable audioSource of InteractWithSwitch has not been assigned.
You probably need to assign the audioSource variable of the InteractWithSwitch script in the inspector.
UnityEngine.AudioSource.Play () (at C:/buildslave/unity/build/artifacts/generated/bindings_old/common/Audio/AudioBindings.gen.cs:764)
InteractWithSwitch.Update () (at Assets/NLS/Scripts/Interactions/InteractWithSwitch.cs:82)

2019-03-31 14:16:23.7110 [ERROR] UnassignedReferenceException: The variable audioSource of InteractWithSwitch has not been assigned.
You probably need to assign the audioSource variable of the InteractWithSwitch script in the inspector.
UnityEngine.AudioSource.Play () (at C:/buildslave/unity/build/artifacts/generated/bindings_old/common/Audio/AudioBindings.gen.cs:764)
InteractWithSwitch.Update () (at Assets/NLS/Scripts/Interactions/InteractWithSwitch.cs:82)

2019-03-31 14:18:39.9686 [DEBUG] Play mode: False
2019-03-31 14:46:08.2281 [DEBUG] Scene Fusion version 1.8.2-0
2019-03-31 14:47:17.1941 [DEBUG] Scene Fusion version 1.8.2-0
2019-03-31 14:47:17.8227 [DEBUG] Play mode: True, sync in play mode: True
2019-03-31 14:48:14.9957 [ERROR] UnassignedReferenceException: The variable audioSource of InteractWithSwitch has not been assigned.
You probably need to assign the audioSource variable of the InteractWithSwitch script in the inspector.
UnityEngine.AudioSource.Play () (at C:/buildslave/unity/build/artifacts/generated/bindings_old/common/Audio/AudioBindings.gen.cs:764)
InteractWithSwitch.Update () (at Assets/NLS/Scripts/Interactions/InteractWithSwitch.cs:82)

2019-03-31 14:48:57.2766 [ERROR] UnassignedReferenceException: The variable audioSource of InteractWithSwitch has not been assigned.
You probably need to assign the audioSource variable of the InteractWithSwitch script in the inspector.
UnityEngine.AudioSource.Play () (at C:/buildslave/unity/build/artifacts/generated/bindings_old/common/Audio/AudioBindings.gen.cs:764)
InteractWithSwitch.Update () (at Assets/NLS/Scripts/Interactions/InteractWithSwitch.cs:82)

2019-03-31 14:49:09.7814 [ERROR] UnassignedReferenceException: The variable audioSource of InteractWithSwitch has not been assigned.
You probably need to assign the audioSource variable of the InteractWithSwitch script in the inspector.
UnityEngine.AudioSource.Play () (at C:/buildslave/unity/build/artifacts/generated/bindings_old/common/Audio/AudioBindings.gen.cs:764)
InteractWithSwitch.Update () (at Assets/NLS/Scripts/Interactions/InteractWithSwitch.cs:82)

2019-03-31 14:49:18.6590 [ERROR] UnassignedReferenceException: The variable audioSource of InteractWithSwitch has not been assigned.
You probably need to assign the audioSource variable of the InteractWithSwitch script in the inspector.
UnityEngine.AudioSource.Play () (at C:/buildslave/unity/build/artifacts/generated/bindings_old/common/Audio/AudioBindings.gen.cs:764)
InteractWithSwitch.Update () (at Assets/NLS/Scripts/Interactions/InteractWithSwitch.cs:82)

2019-03-31 14:49:23.9643 [ERROR] UnassignedReferenceException: The variable audioSource of InteractWithSwitch has not been assigned.
You probably need to assign the audioSource variable of the InteractWithSwitch script in the inspector.
UnityEngine.AudioSource.Play () (at C:/buildslave/unity/build/artifacts/generated/bindings_old/common/Audio/AudioBindings.gen.cs:764)
InteractWithSwitch.Update () (at Assets/NLS/Scripts/Interactions/InteractWithSwitch.cs:82)

2019-03-31 14:49:46.9767 [DEBUG] Play mode: False
