2019-03-26 10:25:35.1355 [DEBUG] Scene Fusion version 1.8.2-0
2019-03-26 10:25:46.2272 [DEBUG] Scene Fusion version 1.8.2-0
2019-03-26 10:26:39.6867 [DEBUG] Scene Fusion version 1.8.2-0
2019-03-26 10:28:28.4505 [INFO] Launching Session: Scraps Level Station
2019-03-26 10:28:29.5630 [DEBUG] Connecting
2019-03-26 10:28:29.5840 [DEBUG] Connecting to room (93009:SceneFusion:SceneFusion) via TCP at roommanager-ec2-35-164-71-216.kinematicsoup.com:21312
2019-03-26 11:40:34.6552 [DEBUG] Sent D:/Users/Nathe/OneDrive/Documents/GitHub/NightLight/Project Files/Project/SideScroller Main Unity Project/KSEditorLogs/SessionLogs/session.93009-636891929097161742.log
2019-03-26 11:44:52.6045 [DEBUG] Scene Fusion version 1.8.2-0
2019-03-26 11:45:15.6624 [DEBUG] Scene Fusion version 1.8.2-0
2019-03-26 11:45:15.7515 [DEBUG] Play mode: True, sync in play mode: True
2019-03-26 11:45:41.7321 [DEBUG] Play mode: False
2019-03-26 11:48:07.0045 [DEBUG] Scene Fusion version 1.8.2-0
2019-03-26 11:48:07.0895 [DEBUG] Play mode: True, sync in play mode: True
2019-03-26 11:48:48.4501 [DEBUG] Play mode: False
2019-03-26 11:50:34.5513 [DEBUG] Scene Fusion version 1.8.2-0
2019-03-26 11:53:24.6207 [DEBUG] Scene Fusion version 1.8.2-0
2019-03-26 11:53:24.7583 [DEBUG] Play mode: True, sync in play mode: True
2019-03-26 11:53:54.5958 [ERROR] ArgumentException: An element with the same key already exists in the dictionary.
System.Collections.Generic.Dictionary`2[UnityEngine.GameObject,System.Single].Add (UnityEngine.GameObject key, Single value) (at /Users/builduser/buildslave/mono/build/mcs/class/corlib/System.Collections.Generic/Dictionary.cs:404)
Water.OnTriggerEnter (UnityEngine.Collider other) (at Assets/RGD/Scripts/Water.cs:64)

2019-03-26 11:54:20.4483 [DEBUG] Play mode: False
2019-03-26 11:54:36.1101 [DEBUG] Scene Fusion version 1.8.2-0
2019-03-26 11:54:36.2432 [DEBUG] Play mode: True, sync in play mode: True
2019-03-26 11:55:15.2165 [DEBUG] Play mode: False
2019-03-26 12:08:39.2454 [DEBUG] Scene Fusion version 1.8.2-0
